<?xml version="1.0" encoding="UTF-8"?>
<testsuite xmlns:xsi="http://www.w3.org/2001/XMLSchema-instance" xsi:noNamespaceSchemaLocation="https://maven.apache.org/surefire/maven-surefire-plugin/xsd/surefire-test-report.xsd" version="3.0.2" name="com.example.Bknd_User.repository.UserRepositoryTest" time="0.815" tests="4" errors="0" skipped="0" failures="0" flakes="0">
  <properties>
[...]
</properties>
  <testcase name="findByEmail_ok" classname="com.example.Bknd_User.repository.UserRepositoryTest" time="0.678">
    <system-out><![CDATA[2026-06-14T01:23:42.420-04:00  INFO 17264 --- [Bknd_User] [           main] t.c.s.AnnotationConfigContextLoaderUtils : Could not detect default configuration classes for test class [com.example.Bknd_User.repository.UserRepositoryTest]: UserRepositoryTest does not declare any static, non-private, non-final, nested classes annotated with @Configuration.
2026-06-14T01:23:42.472-04:00  INFO 17264 --- [Bknd_User] [           main] .b.t.c.SpringBootTestContextBootstrapper : Found @SpringBootConfiguration com.example.Bknd_User.BkndUserApplication for test class com.example.Bknd_User.repository.UserRepositoryTest
2026-06-14T01:23:42.472-04:00  INFO 17264 --- [Bknd_User] [           main] t.c.s.AnnotationConfigContextLoaderUtils : Could not detect default configuration classes for test class [com.example.Bknd_User.repository.UserRepositoryTest]: UserRepositoryTest does not declare any static, non-private, non-final, nested classes annotated with @Configuration.
2026-06-14T01:23:42.480-04:00  INFO 17264 --- [Bknd_User] [           main] .b.t.c.SpringBootTestContextBootstrapper : Found @SpringBootConfiguration com.example.Bknd_User.BkndUserApplication for test class com.example.Bknd_User.repository.UserRepositoryTest
Hibernate: 
    insert 
    into
        usuarios
        (account_non_expired, account_non_locked, created_at, credentials_non_expired, email, enabled, google_id, google_linked, password, role, username) 
    values
        (?, ?, ?, ?, ?, ?, ?, ?, ?, ?, ?)
Hibernate: 
    select
        u1_0.id,
        u1_0.account_non_expired,
        u1_0.account_non_locked,
        u1_0.created_at,
        u1_0.credentials_non_expired,
        u1_0.email,
        u1_0.enabled,
        u1_0.google_id,
        u1_0.google_linked,
        u1_0.password,
        u1_0.role,
        u1_0.username 
    from
        usuarios u1_0 
    where
        u1_0.email=?
]]></system-out>
  </testcase>
  <testcase name="existsByEmail_true" classname="com.example.Bknd_User.repository.UserRepositoryTest" time="0.022">
    <system-out><![CDATA[Hibernate: 
    insert 
    into
        usuarios
        (account_non_expired, account_non_locked, created_at, credentials_non_expired, email, enabled, google_id, google_linked, password, role, username) 
    values
        (?, ?, ?, ?, ?, ?, ?, ?, ?, ?, ?)
Hibernate: 
    select
        u1_0.id 
    from
        usuarios u1_0 
    where
        u1_0.email=? 
    fetch
        first ? rows only
]]></system-out>
  </testcase>
  <testcase name="findByUsername_ok" classname="com.example.Bknd_User.repository.UserRepositoryTest" time="0.015">
    <system-out><![CDATA[Hibernate: 
    insert 
    into
        usuarios
        (account_non_expired, account_non_locked, created_at, credentials_non_expired, email, enabled, google_id, google_linked, password, role, username) 
    values
        (?, ?, ?, ?, ?, ?, ?, ?, ?, ?, ?)
Hibernate: 
    select
        u1_0.id,
        u1_0.account_non_expired,
        u1_0.account_non_locked,
        u1_0.created_at,
        u1_0.credentials_non_expired,
        u1_0.email,
        u1_0.enabled,
        u1_0.google_id,
        u1_0.google_linked,
        u1_0.password,
        u1_0.role,
        u1_0.username 
    from
        usuarios u1_0 
    where
        u1_0.username=?
]]></system-out>
  </testcase>
  <testcase name="existsByUsername_true" classname="com.example.Bknd_User.repository.UserRepositoryTest" time="0.013">
    <system-out><![CDATA[Hibernate: 
    insert 
    into
        usuarios
        (account_non_expired, account_non_locked, created_at, credentials_non_expired, email, enabled, google_id, google_linked, password, role, username) 
    values
        (?, ?, ?, ?, ?, ?, ?, ?, ?, ?, ?)
Hibernate: 
    select
        u1_0.id 
    from
        usuarios u1_0 
    where
        u1_0.username=? 
    fetch
        first ? rows only
]]></system-out>
  </testcase>
</testsuite>