<?xml version="1.0" encoding="UTF-8"?>
<testsuite xmlns:xsi="http://www.w3.org/2001/XMLSchema-instance" xsi:noNamespaceSchemaLocation="https://maven.apache.org/surefire/maven-surefire-plugin/xsd/surefire-test-report.xsd" version="3.0.2" name="com.example.Bknd_User.BkndUserApplicationTests" time="7.111" tests="1" errors="0" skipped="0" failures="0" flakes="0">
  <properties>
[...]
</properties>
  <testcase name="contextLoads" classname="com.example.Bknd_User.BkndUserApplicationTests" time="0.391">
    <system-out><![CDATA[01:23:34.677 [main] INFO org.springframework.test.context.support.AnnotationConfigContextLoaderUtils -- Could not detect default configuration classes for test class [com.example.Bknd_User.BkndUserApplicationTests]: BkndUserApplicationTests does not declare any static, non-private, non-final, nested classes annotated with @Configuration.
01:23:34.824 [main] INFO org.springframework.boot.test.context.SpringBootTestContextBootstrapper -- Found @SpringBootConfiguration com.example.Bknd_User.BkndUserApplication for test class com.example.Bknd_User.BkndUserApplicationTests
01:23:34.928 [main] INFO org.springframework.test.context.support.AnnotationConfigContextLoaderUtils -- Could not detect default configuration classes for test class [com.example.Bknd_User.BkndUserApplicationTests]: BkndUserApplicationTests does not declare any static, non-private, non-final, nested classes annotated with @Configuration.
01:23:34.929 [main] INFO org.springframework.boot.test.context.SpringBootTestContextBootstrapper -- Found @SpringBootConfiguration com.example.Bknd_User.BkndUserApplication for test class com.example.Bknd_User.BkndUserApplicationTests

  .   ____          _            __ _ _
 /\\ / ___'_ __ _ _(_)_ __  __ _ \ \ \ \
( ( )\___ | '_ | '_| | '_ \/ _` | \ \ \ \
 \\/  ___)| |_)| | | | | || (_| |  ) ) ) )
  '  |____| .__|_| |_|_| |_\__, | / / / /
 =========|_|==============|___/=/_/_/_/

 :: Spring Boot ::                (v4.0.5)

2026-06-14T01:23:35.280-04:00  INFO 17264 --- [Bknd_User] [           main] c.e.Bknd_User.BkndUserApplicationTests   : Starting BkndUserApplicationTests using Java 21.0.11 with PID 17264 (started by carlo in C:\Users\carlo\OneDrive\Desktop\Monex\Monex\Bknd_User)
2026-06-14T01:23:35.280-04:00  INFO 17264 --- [Bknd_User] [           main] c.e.Bknd_User.BkndUserApplicationTests   : No active profile set, falling back to 1 default profile: "default"
2026-06-14T01:23:36.283-04:00  INFO 17264 --- [Bknd_User] [           main] .s.d.r.c.RepositoryConfigurationDelegate : Bootstrapping Spring Data JPA repositories in DEFAULT mode.
2026-06-14T01:23:36.384-04:00  INFO 17264 --- [Bknd_User] [           main] .s.d.r.c.RepositoryConfigurationDelegate : Finished Spring Data repository scanning in 86 ms. Found 2 JPA repository interfaces.
2026-06-14T01:23:37.272-04:00  INFO 17264 --- [Bknd_User] [           main] org.hibernate.orm.jpa                    : HHH008540: Processing PersistenceUnitInfo [name: default]
2026-06-14T01:23:37.442-04:00  INFO 17264 --- [Bknd_User] [           main] org.hibernate.orm.core                   : HHH000001: Hibernate ORM core version 7.2.7.Final
2026-06-14T01:23:37.934-04:00  INFO 17264 --- [Bknd_User] [           main] o.s.o.j.p.SpringPersistenceUnitInfo      : No LoadTimeWeaver setup: ignoring JPA class transformer
2026-06-14T01:23:37.960-04:00  INFO 17264 --- [Bknd_User] [           main] com.zaxxer.hikari.HikariDataSource       : HikariPool-1 - Starting...
2026-06-14T01:23:38.278-04:00  INFO 17264 --- [Bknd_User] [           main] com.zaxxer.hikari.pool.HikariPool        : HikariPool-1 - Added connection org.postgresql.jdbc.PgConnection@59a3eaf7
2026-06-14T01:23:38.280-04:00  INFO 17264 --- [Bknd_User] [           main] com.zaxxer.hikari.HikariDataSource       : HikariPool-1 - Start completed.
2026-06-14T01:23:38.334-04:00  WARN 17264 --- [Bknd_User] [           main] org.hibernate.orm.deprecation            : HHH90000025: PostgreSQLDialect does not need to be specified explicitly using 'hibernate.dialect' (remove the property setting and it will be selected by default)
2026-06-14T01:23:38.366-04:00  INFO 17264 --- [Bknd_User] [           main] org.hibernate.orm.connections.pooling    : HHH10001005: Database info:
	Database JDBC URL [jdbc:postgresql://localhost:5432/usuarios]
	Database driver: PostgreSQL JDBC Driver
	Database dialect: PostgreSQLDialect
	Database version: 18.4
	Default catalog/schema: usuarios/public
	Autocommit mode: undefined/unknown
	Isolation level: READ_COMMITTED [default READ_COMMITTED]
	JDBC fetch size: none
	Pool: DataSourceConnectionProvider
	Minimum pool size: undefined/unknown
	Maximum pool size: undefined/unknown
2026-06-14T01:23:39.244-04:00  INFO 17264 --- [Bknd_User] [           main] org.hibernate.orm.core                   : HHH000489: No JTA platform available (set 'hibernate.transaction.jta.platform' to enable JTA platform integration)
2026-06-14T01:23:39.340-04:00  INFO 17264 --- [Bknd_User] [           main] j.LocalContainerEntityManagerFactoryBean : Initialized JPA EntityManagerFactory for persistence unit 'default'
2026-06-14T01:23:39.442-04:00  INFO 17264 --- [Bknd_User] [           main] o.s.d.j.r.query.QueryEnhancerFactories   : Hibernate is in classpath; If applicable, HQL parser will be used.
2026-06-14T01:23:40.120-04:00  WARN 17264 --- [Bknd_User] [           main] JpaBaseConfiguration$JpaWebConfiguration : spring.jpa.open-in-view is enabled by default. Therefore, database queries may be performed during view rendering. Explicitly configure spring.jpa.open-in-view to disable this warning
2026-06-14T01:23:40.264-04:00  INFO 17264 --- [Bknd_User] [           main] r$InitializeUserDetailsManagerConfigurer : Global AuthenticationManager configured with UserDetailsService bean with name userDetailsService
2026-06-14T01:23:40.997-04:00  INFO 17264 --- [Bknd_User] [           main] c.e.Bknd_User.BkndUserApplicationTests   : Started BkndUserApplicationTests in 5.98 seconds (process running for 7.379)
]]></system-out>
    <system-err><![CDATA[Mockito is currently self-attaching to enable the inline-mock-maker. This will no longer work in future releases of the JDK. Please add Mockito as an agent to your build as described in Mockito's documentation: https://javadoc.io/doc/org.mockito/mockito-core/latest/org.mockito/org/mockito/Mockito.html#0.3
WARNING: A Java agent has been loaded dynamically (C:\Users\carlo\.m2\repository\net\bytebuddy\byte-buddy-agent\1.17.8\byte-buddy-agent-1.17.8.jar)
WARNING: If a serviceability tool is in use, please run with -XX:+EnableDynamicAgentLoading to hide this warning
WARNING: If a serviceability tool is not in use, please run with -Djdk.instrument.traceUsage for more information
WARNING: Dynamic loading of agents will be disallowed by default in a future release
]]></system-err>
  </testcase>
</testsuite>